Kanata	0004
C=	100

I	0	0	0
L	0	0	1000000000 r0 = iALU(r1, r2)
S	0	0	F
C	10
S	0	0	X

I	1	1	0
L	1	0	1000000001 r1 = iALU(r2, r3)
S	1	0	F
C	10
S	1	0	X

I	2	2	0
L	2	0	1000000002 r2 = iALU(r3, r4)
S	2	0	F
C	10
S	2	0	X

I	3	3	0
L	3	0	1000000003 r3 = iALU(r4, r5)
S	3	0	F
C	10
S	3	0	X

I	4	4	0
L	4	0	1000000004 r4 = iALU(r5, r6)
S	4	0	F
C	10
S	4	0	X

I	5	5	0
L	5	0	1000000005 r5 = iALU(r6, r7)
S	5	0	F
C	10
S	5	0	X

I	6	6	0
L	6	0	1000000006 r6 = iALU(r7, r8)
S	6	0	F
C	10
S	6	0	X

I	7	7	0
L	7	0	1000000007 r7 = iALU(r8, r9)
S	7	0	F
C	10
S	7	0	X

I	8	8	0
L	8	0	1000000008 r8 = iALU(r9, r10)
S	8	0	F
C	10
S	8	0	X

I	9	9	0
L	9	0	1000000009 r9 = iALU(r10, r11)
S	9	0	F
C	10
S	9	0	X